{
  "uid" : "591f37a821008401",
  "name" : "test_guest_cant_see_success_message_after_adding_product_to_basket",
  "fullName" : "module_5.test_product_page.TestProductPage#test_guest_cant_see_success_message_after_adding_product_to_basket",
  "historyId" : "73a493c161f5189f89249bf7a7c46bd7",
  "time" : {
    "start" : 1623663439237,
    "stop" : 1623663442608,
    "duration" : 3371
  },
  "status" : "skipped",
  "statusMessage" : "XFAIL Element should be on page\n\nAssertionError: Element present on page",
  "statusTrace" : "self = <module_5.test_product_page.TestProductPage object at 0x0000017D77A52820>\nbrowser = <selenium.webdriver.chrome.webdriver.WebDriver (session=\"1b7d99d9546c3b3a72dafb283c75c28c\")>\n\n    @pytest.mark.xfail(reason=\"Element should be on page\")\n    def test_guest_cant_see_success_message_after_adding_product_to_basket(self, browser):\n        page = ProductPage(browser, standart_link)\n        page.open()\n>       page.guest_cant_see_success_message_after_adding_product_to_basket()\n\nmodule_5\\test_product_page.py:42: \n_ _ _ _ _ _ _ _ _ _ _ _ _ _ _ _ _ _ _ _ _ _ _ _ _ _ _ _ _ _ _ _ _ _ _ _ _ _ _ _ _ _ _ _ _ _ _ _ _ _ _ _ _ _ _ _ _ _ _ _ _ _ _ _ _ _ _ _ _ _ _ _ _ _ _ _ _ _ _ _ _ _ _ _ _ _ _ _ _ _ _\n\nself = <module_5.pages.product_page.ProductPage object at 0x0000017D779C9F40>\n\n    def guest_cant_see_success_message_after_adding_product_to_basket(self):\n        add_button = self.browser.find_element(*ProductPageLocators.ADD_BUTTON)\n        add_button.click()\n>       assert self.is_not_element_present(*ProductPageLocators.SUCCESS_MESSAGE), 'Element present on page'\nE       AssertionError: Element present on page\n\nmodule_5\\pages\\product_page.py:24: AssertionError",
  "flaky" : false,
  "newFailed" : false,
  "beforeStages" : [ {
    "name" : "browser",
    "time" : {
      "start" : 1623663438210,
      "stop" : 1623663439237,
      "duration" : 1027
    },
    "status" : "passed",
    "steps" : [ ],
    "attachments" : [ ],
    "parameters" : [ ],
    "shouldDisplayMessage" : false,
    "attachmentsCount" : 0,
    "stepsCount" : 0,
    "hasContent" : false
  } ],
  "afterStages" : [ {
    "name" : "browser::0",
    "time" : {
      "start" : 1623663442614,
      "stop" : 1623663444723,
      "duration" : 2109
    },
    "status" : "passed",
    "steps" : [ ],
    "attachments" : [ ],
    "parameters" : [ ],
    "shouldDisplayMessage" : false,
    "attachmentsCount" : 0,
    "stepsCount" : 0,
    "hasContent" : false
  } ],
  "labels" : [ {
    "name" : "tag",
    "value" : "@pytest.mark.xfail(reason='Element should be on page')"
  }, {
    "name" : "parentSuite",
    "value" : "module_5"
  }, {
    "name" : "suite",
    "value" : "test_product_page"
  }, {
    "name" : "subSuite",
    "value" : "TestProductPage"
  }, {
    "name" : "host",
    "value" : "OBR-NB-92"
  }, {
    "name" : "thread",
    "value" : "13700-MainThread"
  }, {
    "name" : "framework",
    "value" : "pytest"
  }, {
    "name" : "language",
    "value" : "cpython3"
  }, {
    "name" : "package",
    "value" : "module_5.test_product_page"
  }, {
    "name" : "resultFormat",
    "value" : "allure2"
  } ],
  "parameters" : [ ],
  "links" : [ ],
  "hidden" : false,
  "retry" : false,
  "extra" : {
    "severity" : "normal",
    "retries" : [ ],
    "categories" : [ ],
    "tags" : [ "@pytest.mark.xfail(reason='Element should be on page')" ]
  },
  "source" : "591f37a821008401.json",
  "parameterValues" : [ ]
}